<?xml version="1.0" encoding="utf-8"?>
<coverage line-rate="0.25" branch-rate="1" version="1.9" timestamp="1632925587" lines-covered="1" lines-valid="4" branches-covered="0" branches-valid="0">
  <sources>
    <source>C:\Users\fosslandh\source\repos\testing123\testing123\</source>
  </sources>
  <packages>
    <package name="testing123" line-rate="0.25" branch-rate="1" complexity="2">
      <classes>
        <class name="testing123.Calculator" filename="Calculator.cs" line-rate="1" branch-rate="1" complexity="1">
          <methods>
            <method name="Add" signature="(System.Int32,System.Int32)" line-rate="1" branch-rate="1" complexity="1">
              <lines>
                <line number="11" hits="1" branch="False" />
              </lines>
            </method>
          </methods>
          <lines>
            <line number="11" hits="1" branch="False" />
          </lines>
        </class>
        <class name="testing123.Program" filename="Program.cs" line-rate="0" branch-rate="1" complexity="1">
          <methods>
            <method name="Main" signature="(System.String[])" line-rate="0" branch-rate="1" complexity="1">
              <lines>
                <line number="8" hits="0" branch="False" />
                <line number="9" hits="0" branch="False" />
                <line number="10" hits="0" branch="False" />
              </lines>
            </method>
          </methods>
          <lines>
            <line number="8" hits="0" branch="False" />
            <line number="9" hits="0" branch="False" />
            <line number="10" hits="0" branch="False" />
          </lines>
        </class>
      </classes>
    </package>
  </packages>
</coverage>